0:0:0:0:0:0:0:1 - - [28/Sep/2019:08:55:42 +0800] "GET /nacos HTTP/1.1" 302 - 0 Mozilla/5.0 (Windows NT 10.0; Win64; x64) AppleWebKit/537.36 (KHTML, like Gecko) Chrome/73.0.3683.86 Safari/537.36
0:0:0:0:0:0:0:1 - - [28/Sep/2019:08:55:44 +0800] "GET /nacos/v1/console/server/state HTTP/1.1" 200 82 3 Mozilla/5.0 (Windows NT 10.0; Win64; x64) AppleWebKit/537.36 (KHTML, like Gecko) Chrome/73.0.3683.86 Safari/537.36
0:0:0:0:0:0:0:1 - - [28/Sep/2019:08:55:44 +0800] "GET /nacos/v1/console/namespaces?namespaceId=400a60cc-162a-4a17-a907-08b9460e3556 HTTP/1.1" 401 154 12 Mozilla/5.0 (Windows NT 10.0; Win64; x64) AppleWebKit/537.36 (KHTML, like Gecko) Chrome/73.0.3683.86 Safari/537.36
0:0:0:0:0:0:0:1 - - [28/Sep/2019:08:55:44 +0800] "GET /nacos/v1/cs/configs?search=accurate&dataId=&group=&appName=&config_tags=&pageNo=1&pageSize=10&tenant=&namespaceId= HTTP/1.1" 200 - 3 Mozilla/5.0 (Windows NT 10.0; Win64; x64) AppleWebKit/537.36 (KHTML, like Gecko) Chrome/73.0.3683.86 Safari/537.36
0:0:0:0:0:0:0:1 - - [28/Sep/2019:08:55:47 +0800] "POST /nacos/v1/auth/login HTTP/1.1" 200 176 104 Mozilla/5.0 (Windows NT 10.0; Win64; x64) AppleWebKit/537.36 (KHTML, like Gecko) Chrome/73.0.3683.86 Safari/537.36
0:0:0:0:0:0:0:1 - - [28/Sep/2019:08:55:48 +0800] "GET /nacos/v1/console/namespaces?namespaceId= HTTP/1.1" 200 250 9 Mozilla/5.0 (Windows NT 10.0; Win64; x64) AppleWebKit/537.36 (KHTML, like Gecko) Chrome/73.0.3683.86 Safari/537.36
0:0:0:0:0:0:0:1 - - [28/Sep/2019:08:55:48 +0800] "GET /nacos/v1/console/server/state HTTP/1.1" 200 82 1 Mozilla/5.0 (Windows NT 10.0; Win64; x64) AppleWebKit/537.36 (KHTML, like Gecko) Chrome/73.0.3683.86 Safari/537.36
0:0:0:0:0:0:0:1 - - [28/Sep/2019:08:55:48 +0800] "GET /nacos/v1/cs/configs?search=accurate&dataId=&group=&appName=&config_tags=&pageNo=1&pageSize=10&tenant=&namespaceId= HTTP/1.1" 200 - 3 Mozilla/5.0 (Windows NT 10.0; Win64; x64) AppleWebKit/537.36 (KHTML, like Gecko) Chrome/73.0.3683.86 Safari/537.36
0:0:0:0:0:0:0:1 - - [28/Sep/2019:08:55:51 +0800] "GET /nacos/v1/cs/configs?search=accurate&dataId=&group=&appName=&config_tags=&pageNo=1&pageSize=10&tenant=400a60cc-162a-4a17-a907-08b9460e3556&namespaceId=400a60cc-162a-4a17-a907-08b9460e3556 HTTP/1.1" 200 6314 7 Mozilla/5.0 (Windows NT 10.0; Win64; x64) AppleWebKit/537.36 (KHTML, like Gecko) Chrome/73.0.3683.86 Safari/537.36
0:0:0:0:0:0:0:1 - - [28/Sep/2019:08:56:17 +0800] "GET /nacos/v1/cs/configs?dataId=weixin-service-dev.yaml&group=yezi&namespaceId=400a60cc-162a-4a17-a907-08b9460e3556&tenant=400a60cc-162a-4a17-a907-08b9460e3556&beta=true HTTP/1.1" 200 60 4 Mozilla/5.0 (Windows NT 10.0; Win64; x64) AppleWebKit/537.36 (KHTML, like Gecko) Chrome/73.0.3683.86 Safari/537.36
0:0:0:0:0:0:0:1 - - [28/Sep/2019:08:56:17 +0800] "GET /nacos/v1/cs/configs?dataId=weixin-service-dev.yaml&group=yezi&namespaceId=400a60cc-162a-4a17-a907-08b9460e3556&tenant=400a60cc-162a-4a17-a907-08b9460e3556&show=all HTTP/1.1" 200 2334 6 Mozilla/5.0 (Windows NT 10.0; Win64; x64) AppleWebKit/537.36 (KHTML, like Gecko) Chrome/73.0.3683.86 Safari/537.36
0:0:0:0:0:0:0:1 - - [28/Sep/2019:09:50:46 +0800] "POST /nacos/v1/cs/configs HTTP/1.1" 200 14 496 Mozilla/5.0 (Windows NT 10.0; Win64; x64) AppleWebKit/537.36 (KHTML, like Gecko) Chrome/73.0.3683.86 Safari/537.36
0:0:0:0:0:0:0:1 - - [28/Sep/2019:09:50:46 +0800] "GET /nacos/v1/cs/configs?dataId=weixin-service-dev.yaml&group=yezi&namespaceId=400a60cc-162a-4a17-a907-08b9460e3556&tenant=400a60cc-162a-4a17-a907-08b9460e3556&show=all HTTP/1.1" 200 2336 5 Mozilla/5.0 (Windows NT 10.0; Win64; x64) AppleWebKit/537.36 (KHTML, like Gecko) Chrome/73.0.3683.86 Safari/537.36
0:0:0:0:0:0:0:1 - - [28/Sep/2019:21:50:44 +0800] "GET /nacos/ HTTP/1.1" 304 - 47 Mozilla/5.0 (Windows NT 10.0; Win64; x64) AppleWebKit/537.36 (KHTML, like Gecko) Chrome/73.0.3683.86 Safari/537.36
0:0:0:0:0:0:0:1 - - [28/Sep/2019:21:50:44 +0800] "GET /nacos/v1/console/server/state HTTP/1.1" 200 82 5 Mozilla/5.0 (Windows NT 10.0; Win64; x64) AppleWebKit/537.36 (KHTML, like Gecko) Chrome/73.0.3683.86 Safari/537.36
0:0:0:0:0:0:0:1 - - [28/Sep/2019:21:50:44 +0800] "GET /nacos/v1/cs/configs?dataId=weixin-service-dev.yaml&group=yezi&namespaceId=400a60cc-162a-4a17-a907-08b9460e3556&tenant=400a60cc-162a-4a17-a907-08b9460e3556&beta=true HTTP/1.1" 200 60 8 Mozilla/5.0 (Windows NT 10.0; Win64; x64) AppleWebKit/537.36 (KHTML, like Gecko) Chrome/73.0.3683.86 Safari/537.36
0:0:0:0:0:0:0:1 - - [28/Sep/2019:21:50:45 +0800] "GET /nacos/v1/cs/configs?dataId=weixin-service-dev.yaml&group=yezi&namespaceId=400a60cc-162a-4a17-a907-08b9460e3556&tenant=400a60cc-162a-4a17-a907-08b9460e3556&show=all HTTP/1.1" 200 2336 5 Mozilla/5.0 (Windows NT 10.0; Win64; x64) AppleWebKit/537.36 (KHTML, like Gecko) Chrome/73.0.3683.86 Safari/537.36
0:0:0:0:0:0:0:1 - - [28/Sep/2019:21:50:45 +0800] "GET /nacos/console-fe/public/img/favicon.ico HTTP/1.1" 200 4286 20 Mozilla/5.0 (Windows NT 10.0; Win64; x64) AppleWebKit/537.36 (KHTML, like Gecko) Chrome/73.0.3683.86 Safari/537.36
0:0:0:0:0:0:0:1 - - [28/Sep/2019:21:50:46 +0800] "GET /nacos/v1/console/namespaces?namespaceId=400a60cc-162a-4a17-a907-08b9460e3556 HTTP/1.1" 401 154 6 Mozilla/5.0 (Windows NT 10.0; Win64; x64) AppleWebKit/537.36 (KHTML, like Gecko) Chrome/73.0.3683.86 Safari/537.36
0:0:0:0:0:0:0:1 - - [28/Sep/2019:21:50:46 +0800] "GET /nacos/v1/cs/configs?search=accurate&dataId=&group=&appName=&config_tags=&pageNo=1&pageSize=10&tenant=400a60cc-162a-4a17-a907-08b9460e3556&namespaceId=400a60cc-162a-4a17-a907-08b9460e3556 HTTP/1.1" 200 6316 4 Mozilla/5.0 (Windows NT 10.0; Win64; x64) AppleWebKit/537.36 (KHTML, like Gecko) Chrome/73.0.3683.86 Safari/537.36
0:0:0:0:0:0:0:1 - - [28/Sep/2019:21:50:50 +0800] "POST /nacos/v1/auth/login HTTP/1.1" 200 176 134 Mozilla/5.0 (Windows NT 10.0; Win64; x64) AppleWebKit/537.36 (KHTML, like Gecko) Chrome/73.0.3683.86 Safari/537.36
0:0:0:0:0:0:0:1 - - [28/Sep/2019:21:50:50 +0800] "GET /nacos/v1/console/namespaces?namespaceId=400a60cc-162a-4a17-a907-08b9460e3556 HTTP/1.1" 200 250 10 Mozilla/5.0 (Windows NT 10.0; Win64; x64) AppleWebKit/537.36 (KHTML, like Gecko) Chrome/73.0.3683.86 Safari/537.36
0:0:0:0:0:0:0:1 - - [28/Sep/2019:21:50:50 +0800] "GET /nacos/v1/console/server/state HTTP/1.1" 200 82 2 Mozilla/5.0 (Windows NT 10.0; Win64; x64) AppleWebKit/537.36 (KHTML, like Gecko) Chrome/73.0.3683.86 Safari/537.36
0:0:0:0:0:0:0:1 - - [28/Sep/2019:21:50:50 +0800] "GET /nacos/v1/cs/configs?search=accurate&dataId=&group=&appName=&config_tags=&pageNo=1&pageSize=10&tenant=&namespaceId= HTTP/1.1" 200 - 4 Mozilla/5.0 (Windows NT 10.0; Win64; x64) AppleWebKit/537.36 (KHTML, like Gecko) Chrome/73.0.3683.86 Safari/537.36
0:0:0:0:0:0:0:1 - - [28/Sep/2019:21:50:53 +0800] "GET /nacos/v1/cs/configs?search=accurate&dataId=&group=&appName=&config_tags=&pageNo=1&pageSize=10&tenant=400a60cc-162a-4a17-a907-08b9460e3556&namespaceId=400a60cc-162a-4a17-a907-08b9460e3556 HTTP/1.1" 200 6316 7 Mozilla/5.0 (Windows NT 10.0; Win64; x64) AppleWebKit/537.36 (KHTML, like Gecko) Chrome/73.0.3683.86 Safari/537.36
0:0:0:0:0:0:0:1 - - [28/Sep/2019:21:50:53 +0800] "GET /nacos/v1/cs/configs?search=accurate&dataId=&group=&appName=&config_tags=&pageNo=1&pageSize=10&tenant=400a60cc-162a-4a17-a907-08b9460e3556&namespaceId=400a60cc-162a-4a17-a907-08b9460e3556 HTTP/1.1" 200 6316 9 Mozilla/5.0 (Windows NT 10.0; Win64; x64) AppleWebKit/537.36 (KHTML, like Gecko) Chrome/73.0.3683.86 Safari/537.36
0:0:0:0:0:0:0:1 - - [28/Sep/2019:21:51:00 +0800] "GET /nacos/v1/cs/configs?dataId=gateway-dev.yaml&group=yezi&namespaceId=400a60cc-162a-4a17-a907-08b9460e3556&tenant=400a60cc-162a-4a17-a907-08b9460e3556&beta=true HTTP/1.1" 200 60 4 Mozilla/5.0 (Windows NT 10.0; Win64; x64) AppleWebKit/537.36 (KHTML, like Gecko) Chrome/73.0.3683.86 Safari/537.36
0:0:0:0:0:0:0:1 - - [28/Sep/2019:21:51:00 +0800] "GET /nacos/v1/cs/configs?dataId=gateway-dev.yaml&group=yezi&namespaceId=400a60cc-162a-4a17-a907-08b9460e3556&tenant=400a60cc-162a-4a17-a907-08b9460e3556&show=all HTTP/1.1" 200 1452 9 Mozilla/5.0 (Windows NT 10.0; Win64; x64) AppleWebKit/537.36 (KHTML, like Gecko) Chrome/73.0.3683.86 Safari/537.36
0:0:0:0:0:0:0:1 - - [28/Sep/2019:21:54:24 +0800] "GET /nacos/v1/ns/catalog/services?hasIpCount=true&withInstances=false&pageNo=1&pageSize=10&keyword=&namespaceId=400a60cc-162a-4a17-a907-08b9460e3556 HTTP/1.1" 200 39 4 Mozilla/5.0 (Windows NT 10.0; Win64; x64) AppleWebKit/537.36 (KHTML, like Gecko) Chrome/73.0.3683.86 Safari/537.36
