0:0:0:0:0:0:0:1 - - [01/Oct/2019:22:49:47 +0800] "GET /nacos HTTP/1.1" 302 - 0 Mozilla/5.0 (Windows NT 10.0; Win64; x64) AppleWebKit/537.36 (KHTML, like Gecko) Chrome/73.0.3683.86 Safari/537.36
0:0:0:0:0:0:0:1 - - [01/Oct/2019:22:49:47 +0800] "GET /nacos/console-fe/public/css/console1412.css HTTP/1.1" 304 - 91 Mozilla/5.0 (Windows NT 10.0; Win64; x64) AppleWebKit/537.36 (KHTML, like Gecko) Chrome/73.0.3683.86 Safari/537.36
0:0:0:0:0:0:0:1 - - [01/Oct/2019:22:49:47 +0800] "GET /nacos/console-fe/public/css/bootstrap.css HTTP/1.1" 304 - 92 Mozilla/5.0 (Windows NT 10.0; Win64; x64) AppleWebKit/537.36 (KHTML, like Gecko) Chrome/73.0.3683.86 Safari/537.36
0:0:0:0:0:0:0:1 - - [01/Oct/2019:22:49:47 +0800] "GET /nacos/console-fe/public/css/merge.css HTTP/1.1" 304 - 92 Mozilla/5.0 (Windows NT 10.0; Win64; x64) AppleWebKit/537.36 (KHTML, like Gecko) Chrome/73.0.3683.86 Safari/537.36
0:0:0:0:0:0:0:1 - - [01/Oct/2019:22:49:47 +0800] "GET /nacos/console-fe/public/css/font-awesome.css HTTP/1.1" 304 - 80 Mozilla/5.0 (Windows NT 10.0; Win64; x64) AppleWebKit/537.36 (KHTML, like Gecko) Chrome/73.0.3683.86 Safari/537.36
0:0:0:0:0:0:0:1 - - [01/Oct/2019:22:49:47 +0800] "GET /nacos/console-fe/public/css/codemirror.css HTTP/1.1" 304 - 92 Mozilla/5.0 (Windows NT 10.0; Win64; x64) AppleWebKit/537.36 (KHTML, like Gecko) Chrome/73.0.3683.86 Safari/537.36
0:0:0:0:0:0:0:1 - - [01/Oct/2019:22:49:47 +0800] "GET /nacos/console-fe/public/css/icon.css HTTP/1.1" 304 - 83 Mozilla/5.0 (Windows NT 10.0; Win64; x64) AppleWebKit/537.36 (KHTML, like Gecko) Chrome/73.0.3683.86 Safari/537.36
0:0:0:0:0:0:0:1 - - [01/Oct/2019:22:49:47 +0800] "GET /nacos/css/main.css HTTP/1.1" 304 - 24 Mozilla/5.0 (Windows NT 10.0; Win64; x64) AppleWebKit/537.36 (KHTML, like Gecko) Chrome/73.0.3683.86 Safari/537.36
0:0:0:0:0:0:0:1 - - [01/Oct/2019:22:49:47 +0800] "GET /nacos/console-fe/public/js/xml.js HTTP/1.1" 304 - 20 Mozilla/5.0 (Windows NT 10.0; Win64; x64) AppleWebKit/537.36 (KHTML, like Gecko) Chrome/73.0.3683.86 Safari/537.36
0:0:0:0:0:0:0:1 - - [01/Oct/2019:22:49:47 +0800] "GET /nacos/console-fe/public/js/codemirror.js HTTP/1.1" 304 - 20 Mozilla/5.0 (Windows NT 10.0; Win64; x64) AppleWebKit/537.36 (KHTML, like Gecko) Chrome/73.0.3683.86 Safari/537.36
0:0:0:0:0:0:0:1 - - [01/Oct/2019:22:49:47 +0800] "GET /nacos/console-fe/public/js/jquery.js HTTP/1.1" 304 - 23 Mozilla/5.0 (Windows NT 10.0; Win64; x64) AppleWebKit/537.36 (KHTML, like Gecko) Chrome/73.0.3683.86 Safari/537.36
0:0:0:0:0:0:0:1 - - [01/Oct/2019:22:49:47 +0800] "GET /nacos/console-fe/public/js/codemirror.addone.fullscreen.js HTTP/1.1" 304 - 23 Mozilla/5.0 (Windows NT 10.0; Win64; x64) AppleWebKit/537.36 (KHTML, like Gecko) Chrome/73.0.3683.86 Safari/537.36
0:0:0:0:0:0:0:1 - - [01/Oct/2019:22:49:47 +0800] "GET /nacos/console-fe/public/js/javascript.js HTTP/1.1" 304 - 23 Mozilla/5.0 (Windows NT 10.0; Win64; x64) AppleWebKit/537.36 (KHTML, like Gecko) Chrome/73.0.3683.86 Safari/537.36
0:0:0:0:0:0:0:1 - - [01/Oct/2019:22:49:47 +0800] "GET /nacos/console-fe/public/js/codemirror.lib.json-lint.js HTTP/1.1" 304 - 28 Mozilla/5.0 (Windows NT 10.0; Win64; x64) AppleWebKit/537.36 (KHTML, like Gecko) Chrome/73.0.3683.86 Safari/537.36
0:0:0:0:0:0:0:1 - - [01/Oct/2019:22:49:47 +0800] "GET /nacos/console-fe/public/js/codemirror.addone.lint.js HTTP/1.1" 304 - 28 Mozilla/5.0 (Windows NT 10.0; Win64; x64) AppleWebKit/537.36 (KHTML, like Gecko) Chrome/73.0.3683.86 Safari/537.36
0:0:0:0:0:0:0:1 - - [01/Oct/2019:22:49:47 +0800] "GET /nacos/console-fe/public/js/merge.js HTTP/1.1" 304 - 14 Mozilla/5.0 (Windows NT 10.0; Win64; x64) AppleWebKit/537.36 (KHTML, like Gecko) Chrome/73.0.3683.86 Safari/537.36
0:0:0:0:0:0:0:1 - - [01/Oct/2019:22:49:47 +0800] "GET /nacos/console-fe/public/js/diff_match_patch.js HTTP/1.1" 304 - 15 Mozilla/5.0 (Windows NT 10.0; Win64; x64) AppleWebKit/537.36 (KHTML, like Gecko) Chrome/73.0.3683.86 Safari/537.36
0:0:0:0:0:0:0:1 - - [01/Oct/2019:22:49:47 +0800] "GET /nacos/console-fe/public/js/codemirror.lib.clike-lint.js HTTP/1.1" 304 - 16 Mozilla/5.0 (Windows NT 10.0; Win64; x64) AppleWebKit/537.36 (KHTML, like Gecko) Chrome/73.0.3683.86 Safari/537.36
0:0:0:0:0:0:0:1 - - [01/Oct/2019:22:49:47 +0800] "GET /nacos/console-fe/public/js/codemirror.addone.json-lint.js HTTP/1.1" 304 - 29 Mozilla/5.0 (Windows NT 10.0; Win64; x64) AppleWebKit/537.36 (KHTML, like Gecko) Chrome/73.0.3683.86 Safari/537.36
0:0:0:0:0:0:0:1 - - [01/Oct/2019:22:49:47 +0800] "GET /nacos/console-fe/public/js/loader.js HTTP/1.1" 304 - 3 Mozilla/5.0 (Windows NT 10.0; Win64; x64) AppleWebKit/537.36 (KHTML, like Gecko) Chrome/73.0.3683.86 Safari/537.36
0:0:0:0:0:0:0:1 - - [01/Oct/2019:22:49:47 +0800] "GET /nacos/js/main.js HTTP/1.1" 304 - 2 Mozilla/5.0 (Windows NT 10.0; Win64; x64) AppleWebKit/537.36 (KHTML, like Gecko) Chrome/73.0.3683.86 Safari/537.36
0:0:0:0:0:0:0:1 - - [01/Oct/2019:22:49:48 +0800] "GET /nacos/console-fe/public/js/vs/editor/editor.main.js HTTP/1.1" 304 - 3 Mozilla/5.0 (Windows NT 10.0; Win64; x64) AppleWebKit/537.36 (KHTML, like Gecko) Chrome/73.0.3683.86 Safari/537.36
0:0:0:0:0:0:0:1 - - [01/Oct/2019:22:49:48 +0800] "GET /nacos/img/logo-2000-390.svg HTTP/1.1" 304 - 3 Mozilla/5.0 (Windows NT 10.0; Win64; x64) AppleWebKit/537.36 (KHTML, like Gecko) Chrome/73.0.3683.86 Safari/537.36
0:0:0:0:0:0:0:1 - - [01/Oct/2019:22:49:48 +0800] "GET /nacos/v1/console/server/state HTTP/1.1" 200 82 4 Mozilla/5.0 (Windows NT 10.0; Win64; x64) AppleWebKit/537.36 (KHTML, like Gecko) Chrome/73.0.3683.86 Safari/537.36
0:0:0:0:0:0:0:1 - - [01/Oct/2019:22:49:48 +0800] "GET /nacos/v1/console/namespaces?namespaceId=400a60cc-162a-4a17-a907-08b9460e3556 HTTP/1.1" 401 154 12 Mozilla/5.0 (Windows NT 10.0; Win64; x64) AppleWebKit/537.36 (KHTML, like Gecko) Chrome/73.0.3683.86 Safari/537.36
0:0:0:0:0:0:0:1 - - [01/Oct/2019:22:49:48 +0800] "GET /nacos/console-fe/public/icons/icon-font.woff HTTP/1.1" 304 - 3 Mozilla/5.0 (Windows NT 10.0; Win64; x64) AppleWebKit/537.36 (KHTML, like Gecko) Chrome/73.0.3683.86 Safari/537.36
0:0:0:0:0:0:0:1 - - [01/Oct/2019:22:49:48 +0800] "GET /nacos/v1/cs/configs?search=accurate&dataId=&group=&appName=&config_tags=&pageNo=1&pageSize=10&tenant=&namespaceId= HTTP/1.1" 200 - 5 Mozilla/5.0 (Windows NT 10.0; Win64; x64) AppleWebKit/537.36 (KHTML, like Gecko) Chrome/73.0.3683.86 Safari/537.36
0:0:0:0:0:0:0:1 - - [01/Oct/2019:22:49:48 +0800] "GET /nacos/console-fe/public/css/fonts/aliyun-console-font.ttf?t91au5 HTTP/1.1" 304 - 4 Mozilla/5.0 (Windows NT 10.0; Win64; x64) AppleWebKit/537.36 (KHTML, like Gecko) Chrome/73.0.3683.86 Safari/537.36
0:0:0:0:0:0:0:1 - - [01/Oct/2019:22:49:48 +0800] "GET /nacos/img/black_dot.png HTTP/1.1" 304 - 2 Mozilla/5.0 (Windows NT 10.0; Win64; x64) AppleWebKit/537.36 (KHTML, like Gecko) Chrome/73.0.3683.86 Safari/537.36
0:0:0:0:0:0:0:1 - - [01/Oct/2019:22:49:48 +0800] "GET /nacos/img/nacos.png HTTP/1.1" 304 - 3 Mozilla/5.0 (Windows NT 10.0; Win64; x64) AppleWebKit/537.36 (KHTML, like Gecko) Chrome/73.0.3683.86 Safari/537.36
0:0:0:0:0:0:0:1 - - [01/Oct/2019:22:49:49 +0800] "GET /nacos/console-fe/public/js/vs/editor/editor.main.css HTTP/1.1" 304 - 3 Mozilla/5.0 (Windows NT 10.0; Win64; x64) AppleWebKit/537.36 (KHTML, like Gecko) Chrome/73.0.3683.86 Safari/537.36
0:0:0:0:0:0:0:1 - - [01/Oct/2019:22:49:49 +0800] "GET /nacos/console-fe/public/js/vs/editor/editor.main.nls.zh-cn.js HTTP/1.1" 304 - 2 Mozilla/5.0 (Windows NT 10.0; Win64; x64) AppleWebKit/537.36 (KHTML, like Gecko) Chrome/73.0.3683.86 Safari/537.36
0:0:0:0:0:0:0:1 - - [01/Oct/2019:22:49:52 +0800] "POST /nacos/v1/auth/login HTTP/1.1" 200 176 99 Mozilla/5.0 (Windows NT 10.0; Win64; x64) AppleWebKit/537.36 (KHTML, like Gecko) Chrome/73.0.3683.86 Safari/537.36
0:0:0:0:0:0:0:1 - - [01/Oct/2019:22:49:52 +0800] "GET /nacos/v1/console/namespaces?namespaceId= HTTP/1.1" 200 250 7 Mozilla/5.0 (Windows NT 10.0; Win64; x64) AppleWebKit/537.36 (KHTML, like Gecko) Chrome/73.0.3683.86 Safari/537.36
0:0:0:0:0:0:0:1 - - [01/Oct/2019:22:49:52 +0800] "GET /nacos/v1/console/server/state HTTP/1.1" 200 82 1 Mozilla/5.0 (Windows NT 10.0; Win64; x64) AppleWebKit/537.36 (KHTML, like Gecko) Chrome/73.0.3683.86 Safari/537.36
0:0:0:0:0:0:0:1 - - [01/Oct/2019:22:49:52 +0800] "GET /nacos/v1/cs/configs?search=accurate&dataId=&group=&appName=&config_tags=&pageNo=1&pageSize=10&tenant=&namespaceId= HTTP/1.1" 200 - 3 Mozilla/5.0 (Windows NT 10.0; Win64; x64) AppleWebKit/537.36 (KHTML, like Gecko) Chrome/73.0.3683.86 Safari/537.36
0:0:0:0:0:0:0:1 - - [01/Oct/2019:22:49:55 +0800] "GET /nacos/v1/cs/configs?search=accurate&dataId=&group=&appName=&config_tags=&pageNo=1&pageSize=10&tenant=400a60cc-162a-4a17-a907-08b9460e3556&namespaceId=400a60cc-162a-4a17-a907-08b9460e3556 HTTP/1.1" 200 6316 5 Mozilla/5.0 (Windows NT 10.0; Win64; x64) AppleWebKit/537.36 (KHTML, like Gecko) Chrome/73.0.3683.86 Safari/537.36
