2019-10-10 09:52:34,279 INFO notifyConnectTimeout:200

2019-10-10 09:52:34,283 INFO notifySocketTimeout:8000

2019-10-10 09:52:34,283 INFO isHealthCheck:true

2019-10-10 09:52:34,283 INFO maxHealthCheckFailCount:12

2019-10-10 09:52:34,283 INFO maxContent:10485760

2019-10-10 09:52:34,283 INFO spring.datasource.platform:mysql

2019-10-10 09:52:34,819 WARN DumpService start

2019-10-10 09:52:34,823 INFO start clear all config-info.

2019-10-10 09:52:34,834 WARN clear all config-info failed.

2019-10-10 09:52:34,865 INFO clear all config-info-tenant success.

2019-10-10 09:54:50,150 INFO notifyConnectTimeout:200

2019-10-10 09:54:50,150 INFO notifySocketTimeout:8000

2019-10-10 09:54:50,150 INFO isHealthCheck:true

2019-10-10 09:54:50,151 INFO maxHealthCheckFailCount:12

2019-10-10 09:54:50,151 INFO maxContent:10485760

2019-10-10 09:54:50,151 INFO spring.datasource.platform:mysql

2019-10-10 09:54:50,790 WARN DumpService start

2019-10-10 09:54:50,793 INFO start clear all config-info.

2019-10-10 09:54:50,799 WARN clear all config-info failed.

2019-10-10 09:54:50,800 WARN clear all config-info-tenant failed.

2019-10-10 09:55:27,900 INFO notifyConnectTimeout:200

2019-10-10 09:55:27,900 INFO notifySocketTimeout:8000

2019-10-10 09:55:27,900 INFO isHealthCheck:true

2019-10-10 09:55:27,901 INFO maxHealthCheckFailCount:12

2019-10-10 09:55:27,901 INFO maxContent:10485760

2019-10-10 09:55:27,901 INFO spring.datasource.platform:mysql

2019-10-10 09:55:28,481 WARN DumpService start

2019-10-10 09:55:28,484 INFO start clear all config-info.

2019-10-10 09:55:28,489 WARN clear all config-info failed.

2019-10-10 09:55:28,489 WARN clear all config-info-tenant failed.

2019-10-10 09:55:28,563 INFO [all-dump] 30 / 30

2019-10-10 09:55:28,563 INFO start clear all config-info-beta.

2019-10-10 09:55:28,563 WARN clear all config-info-beta failed.

2019-10-10 09:55:28,563 WARN clear all config-info-beta-tenant failed.

2019-10-10 09:55:28,567 INFO start clear all config-info-tag.

2019-10-10 09:55:28,567 WARN clear all config-info-tag failed.

2019-10-10 09:55:28,567 WARN clear all config-info-tag-tenant failed.

2019-10-10 09:55:29,493 INFO ServerListService address-server port:8848

2019-10-10 09:55:29,493 INFO ADDRESS_SERVER_URL:http://jmenv.tbsite.net:8080/nacos/serverlist

2019-10-10 09:55:29,494 WARN [serverlist] updated to [192.168.5.1]

